{
  "stats": {
    "suites": 1,
    "tests": 1,
    "passes": 1,
    "pending": 0,
    "failures": 0,
    "start": "2023-09-14T08:39:07.314Z",
    "end": "2023-09-14T08:39:10.624Z",
    "duration": 3310,
    "testsRegistered": 1,
    "passPercent": 100,
    "pendingPercent": 0,
    "other": 0,
    "hasOther": false,
    "skipped": 0,
    "hasSkipped": false
  },
  "results": [
    {
      "uuid": "0587fc28-f5c1-466b-ae34-05f5309e5a9a",
      "title": "",
      "fullFile": "cypress/e2e/tests/TC2.cy.js",
      "file": "cypress/e2e/tests/TC2.cy.js",
      "beforeHooks": [],
      "afterHooks": [],
      "tests": [],
      "suites": [
        {
          "uuid": "f417a2c2-a855-4081-ac80-5b75a560db82",
          "title": "Products Page Functionality",
          "fullFile": "",
          "file": "",
          "beforeHooks": [],
          "afterHooks": [],
          "tests": [
            {
              "title": "Navigate to the Products Page add the Sauce Labs Bolt T-Shirt to basket",
              "fullTitle": "Products Page Functionality Navigate to the Products Page add the Sauce Labs Bolt T-Shirt to basket",
              "timedOut": null,
              "duration": 2229,
              "state": "passed",
              "speed": "fast",
              "pass": true,
              "fail": false,
              "pending": false,
              "context": null,
              "code": "cy.login('validLogin');\nLoginPage.clickonLoginbutton();\nLoginPage.pageTittle('Swag Labs');\nProductsPage.addToCart('Sauce Labs Bolt T-Shirt');\nProductsPage.getPrice('Sauce Labs Bolt T-Shirt').contains('15.99');\nProductsPage.addToCart('Sauce Labs Backpack');\nProductsPage.getPrice('Sauce Labs Backpack').contains('29.99');\nProductsPage.clickShoppingCart();\nCartPage.clickCheckout();\nCheckoutPage.enterFirstName('Shanika');\nCheckoutPage.enterLastName('Maggamage');\nCheckoutPage.enterZipCode(1010);\nCheckoutPage.clickSubmitButton();\nCheckoutPage.getTotalPrice().contains('49.66');\nCheckoutPage.clickFinishButton();\nCheckoutPage.getCheckoutTitle().contains('Checkout: Complete!');\nCheckoutPage.getSuccessMessage().contains('Thank you for your order!');",
              "err": {},
              "uuid": "a1d2b829-e9af-46a5-8bba-8bf5c9ff8686",
              "parentUUID": "f417a2c2-a855-4081-ac80-5b75a560db82",
              "isHook": false,
              "skipped": false
            }
          ],
          "suites": [],
          "passes": [
            "a1d2b829-e9af-46a5-8bba-8bf5c9ff8686"
          ],
          "failures": [],
          "pending": [],
          "skipped": [],
          "duration": 2229,
          "root": false,
          "rootEmpty": false,
          "_timeout": 2000
        }
      ],
      "passes": [],
      "failures": [],
      "pending": [],
      "skipped": [],
      "duration": 0,
      "root": true,
      "rootEmpty": true,
      "_timeout": 2000
    }
  ],
  "meta": {
    "mocha": {
      "version": "7.0.1"
    },
    "mochawesome": {
      "options": {
        "quiet": false,
        "reportFilename": "mochawesome",
        "saveHtml": false,
        "saveJson": true,
        "consoleReporter": "spec",
        "useInlineDiffs": false,
        "code": true
      },
      "version": "7.1.3"
    },
    "marge": {
      "options": {
        "overwrite": false,
        "html": false,
        "json": true,
        "reportDir": "cypress/reports/html/.jsons"
      },
      "version": "6.2.0"
    }
  }
}