{
  "stats": {
    "suites": 1,
    "tests": 1,
    "passes": 0,
    "pending": 0,
    "failures": 1,
    "start": "2023-09-13T19:04:34.924Z",
    "end": "2023-09-13T19:05:57.561Z",
    "duration": 82637,
    "testsRegistered": 1,
    "passPercent": 0,
    "pendingPercent": 0,
    "other": 0,
    "hasOther": false,
    "skipped": 0,
    "hasSkipped": false
  },
  "results": [
    {
      "uuid": "1b3117a9-d431-4780-bd01-7b51f0025556",
      "title": "",
      "fullFile": "cypress/e2e/tests/TC2.cy.js",
      "file": "cypress/e2e/tests/TC2.cy.js",
      "beforeHooks": [],
      "afterHooks": [],
      "tests": [],
      "suites": [
        {
          "uuid": "3254dd4b-b79d-4b98-8e4a-a4e1078612d2",
          "title": "Products Page Functionality",
          "fullFile": "",
          "file": "",
          "beforeHooks": [],
          "afterHooks": [],
          "tests": [
            {
              "title": "Navigate to the Products Page add the Sauce Labs Bolt T-Shirt to basket",
              "fullTitle": "Products Page Functionality Navigate to the Products Page add the Sauce Labs Bolt T-Shirt to basket",
              "timedOut": null,
              "duration": 81314,
              "state": "failed",
              "speed": null,
              "pass": false,
              "fail": true,
              "pending": false,
              "context": null,
              "code": "cy.login('validLogin');\nLoginPage.clickonLoginbutton();\nLoginPage.pageTittle('Swag Labs');\nProductsPage.getProductName('Sauce Labs Bolt T-Shirt');\nProductsPage.addToCart('#add-to-cart-sauce-labs-bolt-t-shirt');",
              "err": {
                "message": "AssertionError: Timed out retrying after 80000ms: Expected to find element: `//div[normalize-space()='${productName}']`, but never found it.",
                "estack": "AssertionError: Timed out retrying after 80000ms: Expected to find element: `//div[normalize-space()='${productName}']`, but never found it.\n    at get product [as product] (webpack:///./cypress/e2e/pageobjects/ProductsPage.js:3:30)\n    at ProductsPage.getProductName (webpack:///./cypress/e2e/pageobjects/ProductsPage.js:10:13)\n    at Context.eval (webpack:///./cypress/e2e/tests/TC2.cy.js:20:19)",
                "diff": null
              },
              "uuid": "ee7e8f5f-d605-4af2-9df0-b75547cb8e21",
              "parentUUID": "3254dd4b-b79d-4b98-8e4a-a4e1078612d2",
              "isHook": false,
              "skipped": false
            }
          ],
          "suites": [],
          "passes": [],
          "failures": [
            "ee7e8f5f-d605-4af2-9df0-b75547cb8e21"
          ],
          "pending": [],
          "skipped": [],
          "duration": 81314,
          "root": false,
          "rootEmpty": false,
          "_timeout": 2000
        }
      ],
      "passes": [],
      "failures": [],
      "pending": [],
      "skipped": [],
      "duration": 0,
      "root": true,
      "rootEmpty": true,
      "_timeout": 2000
    }
  ],
  "meta": {
    "mocha": {
      "version": "7.0.1"
    },
    "mochawesome": {
      "options": {
        "quiet": false,
        "reportFilename": "mochawesome",
        "saveHtml": false,
        "saveJson": true,
        "consoleReporter": "spec",
        "useInlineDiffs": false,
        "code": true
      },
      "version": "7.1.3"
    },
    "marge": {
      "options": {
        "overwrite": false,
        "html": false,
        "json": true,
        "reportDir": "cypress/reports/html/.jsons"
      },
      "version": "6.2.0"
    }
  }
}