{
  "stats": {
    "suites": 1,
    "tests": 1,
    "passes": 1,
    "pending": 0,
    "failures": 0,
    "start": "2023-09-13T19:04:28.976Z",
    "end": "2023-09-13T19:04:31.555Z",
    "duration": 2579,
    "testsRegistered": 1,
    "passPercent": 100,
    "pendingPercent": 0,
    "other": 0,
    "hasOther": false,
    "skipped": 0,
    "hasSkipped": false
  },
  "results": [
    {
      "uuid": "69800057-c0ca-46e9-96f3-6e351a339a7f",
      "title": "",
      "fullFile": "cypress/e2e/tests/TC1.cy.js",
      "file": "cypress/e2e/tests/TC1.cy.js",
      "beforeHooks": [],
      "afterHooks": [],
      "tests": [],
      "suites": [
        {
          "uuid": "70d21a13-29ac-4ed6-8809-c9686c6ca8a9",
          "title": "Login Page Fuctionality Test",
          "fullFile": "",
          "file": "",
          "beforeHooks": [],
          "afterHooks": [],
          "tests": [
            {
              "title": "Verify the error message",
              "fullTitle": "Login Page Fuctionality Test Verify the error message",
              "timedOut": null,
              "duration": 1234,
              "state": "passed",
              "speed": "fast",
              "pass": true,
              "fail": false,
              "pending": false,
              "context": null,
              "code": "cy.login('invalidLogin');\nLoginPage.clickonLoginbutton();\nLoginPage.assertErrorMessage('Epic sadface: Sorry, this user has been locked out.');",
              "err": {},
              "uuid": "ac0395c1-e074-4493-ac21-7f2815fa867d",
              "parentUUID": "70d21a13-29ac-4ed6-8809-c9686c6ca8a9",
              "isHook": false,
              "skipped": false
            }
          ],
          "suites": [],
          "passes": [
            "ac0395c1-e074-4493-ac21-7f2815fa867d"
          ],
          "failures": [],
          "pending": [],
          "skipped": [],
          "duration": 1234,
          "root": false,
          "rootEmpty": false,
          "_timeout": 2000
        }
      ],
      "passes": [],
      "failures": [],
      "pending": [],
      "skipped": [],
      "duration": 0,
      "root": true,
      "rootEmpty": true,
      "_timeout": 2000
    }
  ],
  "meta": {
    "mocha": {
      "version": "7.0.1"
    },
    "mochawesome": {
      "options": {
        "quiet": false,
        "reportFilename": "mochawesome",
        "saveHtml": false,
        "saveJson": true,
        "consoleReporter": "spec",
        "useInlineDiffs": false,
        "code": true
      },
      "version": "7.1.3"
    },
    "marge": {
      "options": {
        "overwrite": false,
        "html": false,
        "json": true,
        "reportDir": "cypress/reports/html/.jsons"
      },
      "version": "6.2.0"
    }
  }
}