{
  "stats": {
    "suites": 1,
    "tests": 1,
    "passes": 1,
    "pending": 0,
    "failures": 0,
    "start": "2023-09-13T11:54:18.213Z",
    "end": "2023-09-13T11:54:20.587Z",
    "duration": 2374,
    "testsRegistered": 1,
    "passPercent": 100,
    "pendingPercent": 0,
    "other": 0,
    "hasOther": false,
    "skipped": 0,
    "hasSkipped": false
  },
  "results": [
    {
      "uuid": "18b7fd2c-8371-4dc9-8fc8-b63374814a71",
      "title": "",
      "fullFile": "cypress/e2e/tests/TC1.cy.js",
      "file": "cypress/e2e/tests/TC1.cy.js",
      "beforeHooks": [],
      "afterHooks": [],
      "tests": [],
      "suites": [
        {
          "uuid": "3ee73421-68f3-42d3-99df-ead7e83ecb42",
          "title": "Login Page Fuctionality Test",
          "fullFile": "",
          "file": "",
          "beforeHooks": [],
          "afterHooks": [],
          "tests": [
            {
              "title": "Verify the error message",
              "fullTitle": "Login Page Fuctionality Test Verify the error message",
              "timedOut": null,
              "duration": 1247,
              "state": "passed",
              "speed": "fast",
              "pass": true,
              "fail": false,
              "pending": false,
              "context": null,
              "code": "cy.login('invalidLogin');\nLoginPage.clickonLoginbutton();\nLoginPage.assertErrorMessage('Epic sadface: Sorry, this user has been locked out.');",
              "err": {},
              "uuid": "8495cedd-5181-418d-afc1-70dbd6282d64",
              "parentUUID": "3ee73421-68f3-42d3-99df-ead7e83ecb42",
              "isHook": false,
              "skipped": false
            }
          ],
          "suites": [],
          "passes": [
            "8495cedd-5181-418d-afc1-70dbd6282d64"
          ],
          "failures": [],
          "pending": [],
          "skipped": [],
          "duration": 1247,
          "root": false,
          "rootEmpty": false,
          "_timeout": 2000
        }
      ],
      "passes": [],
      "failures": [],
      "pending": [],
      "skipped": [],
      "duration": 0,
      "root": true,
      "rootEmpty": true,
      "_timeout": 2000
    }
  ],
  "meta": {
    "mocha": {
      "version": "7.0.1"
    },
    "mochawesome": {
      "options": {
        "quiet": false,
        "reportFilename": "mochawesome",
        "saveHtml": false,
        "saveJson": true,
        "consoleReporter": "spec",
        "useInlineDiffs": false,
        "code": true
      },
      "version": "7.1.3"
    },
    "marge": {
      "options": {
        "overwrite": false,
        "html": false,
        "json": true,
        "reportDir": "cypress/reports/html/.jsons"
      },
      "version": "6.2.0"
    }
  }
}